<?xml version="1.0" encoding="UTF-8"?>
<!-- Generated by org.testng.reporters.JUnitXMLReporter -->
<testsuite hostname="DESKTOP-UFF7VOJ" name="FirefoxTest" tests="3" failures="3" timestamp="11 Jan 2020 12:39:45 GMT" time="137.103" errors="0">
  <testcase name="selectProductcategory" time="72.574" classname="testClasses.PurchaseTest">
    <failure type="java.lang.AssertionError" message="expected [http://localhost/Avactis/product-list.php?Apparel-pg1-cid35.html] but found [http://localhost/Avactis/]">
      <![CDATA[java.lang.AssertionError: expected [http://localhost/Avactis/product-list.php?Apparel-pg1-cid35.html] but found [http://localhost/Avactis/]
	at pageClasses.StorePage.clickproductcategory(StorePage.java:32)
	at testClasses.PurchaseTest.selectProductcategory(PurchaseTest.java:83)
... Removed 30 stack frames]]>
    </failure>
  </testcase> <!-- selectProductcategory -->
  <testcase name="selectProductcategory" time="16.793" classname="testClasses.PurchaseTest">
    <failure type="java.lang.AssertionError" message="expected [http://localhost/Avactis/product-info.php?Dell_Inspiron_Slim_Desktop-pid18.html] but found [http://localhost/Avactis/product-list.php?Desktops-pg1-cid21.html]">
      <![CDATA[java.lang.AssertionError: expected [http://localhost/Avactis/product-info.php?Dell_Inspiron_Slim_Desktop-pid18.html] but found [http://localhost/Avactis/product-list.php?Desktops-pg1-cid21.html]
	at pageClasses.productPage.selectproduct(productPage.java:47)
	at testClasses.PurchaseTest.selectProductcategory(PurchaseTest.java:108)
... Removed 30 stack frames]]>
    </failure>
  </testcase> <!-- selectProductcategory -->
  <testcase name="selectProductcategory" time="14.304" classname="testClasses.PurchaseTest">
    <failure type="java.lang.AssertionError" message="expected [http://localhost/Avactis/product-info.php?Avactis_Shopping_Cart_Web_Manual_-_Downloadable_products-pid33.html] but found [http://localhost/Avactis/product-list.php?Digital_Distribution-pg1-cid12.html]">
      <![CDATA[java.lang.AssertionError: expected [http://localhost/Avactis/product-info.php?Avactis_Shopping_Cart_Web_Manual_-_Downloadable_products-pid33.html] but found [http://localhost/Avactis/product-list.php?Digital_Distribution-pg1-cid12.html]
	at pageClasses.productPage.selectproduct(productPage.java:47)
	at testClasses.PurchaseTest.selectProductcategory(PurchaseTest.java:96)
... Removed 30 stack frames]]>
    </failure>
  </testcase> <!-- selectProductcategory -->
</testsuite> <!-- FirefoxTest -->
