<?xml version="1.0" encoding="UTF-8"?>
<!-- Generated by org.testng.reporters.JUnitReportReporter -->
<testsuite hostname="DESKTOP-UFF7VOJ" name="scripts.WindowsTest" tests="12" failures="1" timestamp="1 Jul 2019 15:02:01 GMT" time="32.154" errors="0">
  <testcase name="clickonAlertbutton" time="1.428" classname="scripts.WindowsTest"/>
  <testcase name="clickonchangecolor" time="0.575" classname="scripts.WindowsTest">
    <failure type="java.lang.AssertionError" message="expected [false] but found [true]">
      <![CDATA[java.lang.AssertionError: expected [false] but found [true]
	at org.testng.Assert.fail(Assert.java:94)
	at org.testng.Assert.failNotEquals(Assert.java:513)
	at org.testng.Assert.assertFalse(Assert.java:63)
	at org.testng.Assert.assertFalse(Assert.java:73)
	at scripts.WindowsTest.clickonchangecolor(WindowsTest.java:120)
	at sun.reflect.NativeMethodAccessorImpl.invoke0(Native Method)
	at sun.reflect.NativeMethodAccessorImpl.invoke(Unknown Source)
	at sun.reflect.DelegatingMethodAccessorImpl.invoke(Unknown Source)
	at java.lang.reflect.Method.invoke(Unknown Source)
	at org.testng.internal.MethodInvocationHelper.invokeMethod(MethodInvocationHelper.java:86)
	at org.testng.internal.Invoker.invokeMethod(Invoker.java:646)
	at org.testng.internal.Invoker.invokeTestMethod(Invoker.java:823)
	at org.testng.internal.Invoker.invokeTestMethods(Invoker.java:1131)
	at org.testng.internal.TestMethodWorker.invokeTestMethods(TestMethodWorker.java:129)
	at org.testng.internal.TestMethodWorker.run(TestMethodWorker.java:112)
	at org.testng.TestRunner.privateRun(TestRunner.java:778)
	at org.testng.TestRunner.run(TestRunner.java:632)
	at org.testng.SuiteRunner.runTest(SuiteRunner.java:366)
	at org.testng.SuiteRunner.runSequentially(SuiteRunner.java:361)
	at org.testng.SuiteRunner.privateRun(SuiteRunner.java:319)
	at org.testng.SuiteRunner.run(SuiteRunner.java:268)
	at org.testng.SuiteRunnerWorker.runSuite(SuiteRunnerWorker.java:52)
	at org.testng.SuiteRunnerWorker.run(SuiteRunnerWorker.java:86)
	at org.testng.TestNG.runSuitesSequentially(TestNG.java:1225)
	at org.testng.TestNG.runSuitesLocally(TestNG.java:1150)
	at org.testng.TestNG.runSuites(TestNG.java:1075)
	at org.testng.TestNG.run(TestNG.java:1047)
	at org.testng.remote.AbstractRemoteTestNG.run(AbstractRemoteTestNG.java:126)
	at org.testng.remote.RemoteTestNG.initAndRun(RemoteTestNG.java:137)
	at org.testng.remote.RemoteTestNG.main(RemoteTestNG.java:58)
]]>
    </failure>
  </testcase> <!-- clickonchangecolor -->
  <testcase name="switchtoNewBrowserwindow" time="1.765" classname="scripts.WindowsTest"/>
  <testcase name="acceptAlert" time="0.041" classname="scripts.WindowsTest"/>
  <testcase name="acceptTimingAlert" time="3.250" classname="scripts.WindowsTest"/>
  <testcase name="clickonTimingAlert" time="0.495" classname="scripts.WindowsTest"/>
  <testcase name="switchtoNewMesagewindow" time="3.820" classname="scripts.WindowsTest"/>
  <testcase name="switchtoNewBrowserTab" time="1.169" classname="scripts.WindowsTest"/>
  <testcase name="selectNewBrowserwindow" time="0.668" classname="scripts.WindowsTest"/>
  <testcase name="selectNewBrowserTab" time="0.637" classname="scripts.WindowsTest"/>
  <testcase name="openUrl" time="17.448" classname="scripts.WindowsTest"/>
  <testcase name="selectNewMesagewindow" time="0.858" classname="scripts.WindowsTest"/>
</testsuite> <!-- scripts.WindowsTest -->
